13:13:03.231 [background-preinit] INFO  o.h.v.i.util.Version - [<clinit>,21] - HV000001: Hibernate Validator 8.0.1.Final
13:13:03.366 [main] INFO  c.a.n.c.u.ParamUtil - [<clinit>,89] - [settings] [req-serv] nacos-server port:8848
13:13:03.366 [main] INFO  c.a.n.c.u.ParamUtil - [<clinit>,92] - [settings] [http-client] connect timeout:1000
13:13:03.367 [main] INFO  c.a.n.c.u.ParamUtil - [<clinit>,97] - PER_TASK_CONFIG_SIZE: 3000.0
13:13:03.376 [main] INFO  c.a.n.common.labels - [getLabels,48] - DefaultLabelsCollectorManager get labels.....
13:13:03.376 [main] INFO  c.a.n.common.labels - [getLabels,62] - Process LabelsCollector with [name:defaultNacosLabelsCollector]
13:13:03.376 [main] INFO  c.a.n.common.labels - [collectLabels,62] - default nacos collect properties raw labels: null
13:13:03.377 [main] INFO  c.a.n.common.labels - [collectLabels,69] - default nacos collect properties labels: {}
13:13:03.377 [main] INFO  c.a.n.common.labels - [collectLabels,72] - default nacos collect jvm raw labels: null
13:13:03.377 [main] INFO  c.a.n.common.labels - [collectLabels,78] - default nacos collect jvm labels: {}
13:13:03.377 [main] INFO  c.a.n.common.labels - [collectLabels,81] - default nacos collect env raw labels: null
13:13:03.377 [main] INFO  c.a.n.common.labels - [collectLabels,89] - default nacos collect env labels: {}
13:13:03.377 [main] INFO  c.a.n.common.labels - [getLabels,50] - DefaultLabelsCollectorManager get labels finished,labels :{}
13:13:03.381 [main] INFO  c.a.n.p.a.s.c.ClientAuthPluginManager - [init,56] - [ClientAuthPluginManager] Load ClientAuthService com.alibaba.nacos.client.auth.impl.NacosClientAuthServiceImpl success.
13:13:03.381 [main] INFO  c.a.n.p.a.s.c.ClientAuthPluginManager - [init,56] - [ClientAuthPluginManager] Load ClientAuthService com.alibaba.nacos.client.auth.ram.RamClientAuthServiceImpl success.
13:13:03.382 [main] INFO  c.a.n.c.a.r.i.CredentialWatcher - [loadCredentialFromEnv,189] - null No credential found
13:13:03.510 [main] INFO  c.a.n.c.c.i.LocalConfigInfoProcessor - [<clinit>,65] - LOCAL_SNAPSHOT_PATH:C:\Users\gaojunxin\nacos\config
13:13:03.512 [main] INFO  c.a.n.c.r.client - [lambda$createClient$0,118] - [RpcClientFactory] create a new rpc client of 6bedc492-69b7-4e3e-85bd-1d902de8de24_config-0
13:13:03.520 [main] INFO  c.a.n.c.r.client - [printIfInfoEnabled,63] - [6bedc492-69b7-4e3e-85bd-1d902de8de24_config-0] Register server push request handler:com.alibaba.nacos.client.config.impl.ClientWorker$ConfigRpcTransportClient$$Lambda/0x0000023d143b68e8
13:13:03.520 [main] INFO  c.a.n.c.r.client - [printIfInfoEnabled,63] - [6bedc492-69b7-4e3e-85bd-1d902de8de24_config-0] Register server push request handler:com.alibaba.nacos.client.config.impl.ClientWorker$ConfigRpcTransportClient$$Lambda/0x0000023d143b6d08
13:13:03.521 [main] INFO  c.a.n.c.r.client - [printIfInfoEnabled,63] - [6bedc492-69b7-4e3e-85bd-1d902de8de24_config-0] Registry connection listener to current client:com.alibaba.nacos.client.config.impl.ClientWorker$ConfigRpcTransportClient$1
13:13:03.521 [main] INFO  c.a.n.c.r.client - [printIfInfoEnabled,63] - [6bedc492-69b7-4e3e-85bd-1d902de8de24_config-0] RpcClient init, ServerListFactory = com.alibaba.nacos.client.config.impl.ClientWorker$ConfigRpcTransportClient$2
13:13:03.525 [main] INFO  c.a.n.c.r.client - [printIfInfoEnabled,63] - [6bedc492-69b7-4e3e-85bd-1d902de8de24_config-0] Try to connect to server on start up, server: {serverIp = 'localhost', server main port = 8848}
13:13:03.541 [main] INFO  c.a.n.c.r.c.g.GrpcClient - [createNewManagedChannel,210] - grpc client connection server:localhost ip,serverPort:9848,grpcTslConfig:{"sslProvider":"","enableTls":false,"mutualAuthEnable":false,"trustAll":false}
13:13:03.787 [main] INFO  c.a.n.c.a.AbstractAbilityControlManager - [initAbilityTable,61] - Ready to get current node abilities...
13:13:03.788 [main] INFO  c.a.n.c.a.AbstractAbilityControlManager - [initAbilityTable,89] - Ready to initialize current node abilities, support modes: [SDK_CLIENT]
13:13:03.789 [main] INFO  c.a.n.c.a.AbstractAbilityControlManager - [initAbilityTable,94] - Initialize current abilities finish...
13:13:03.789 [main] INFO  c.a.n.c.a.d.NacosAbilityManagerHolder - [initAbilityControlManager,85] - [AbilityControlManager] Successfully initialize AbilityControlManager
13:13:03.902 [main] INFO  c.a.n.c.r.client - [printIfInfoEnabled,63] - [6bedc492-69b7-4e3e-85bd-1d902de8de24_config-0] Success to connect to server [localhost:8848] on start up, connectionId = 1726981983744_127.0.0.1_63766
13:13:03.903 [com.alibaba.nacos.client.remote.worker.0] INFO  c.a.n.c.r.client - [printIfInfoEnabled,63] - [6bedc492-69b7-4e3e-85bd-1d902de8de24_config-0] Notify connected event to listeners.
13:13:03.903 [com.alibaba.nacos.client.remote.worker.0] INFO  c.a.n.c.c.i.ClientWorker - [onConnected,713] - [6bedc492-69b7-4e3e-85bd-1d902de8de24_config-0] Connected,notify listen context...
13:13:03.905 [main] INFO  c.a.n.c.r.client - [printIfInfoEnabled,63] - [6bedc492-69b7-4e3e-85bd-1d902de8de24_config-0] Register server push request handler:com.alibaba.nacos.common.remote.client.RpcClient$ConnectResetRequestHandler
13:13:03.906 [main] INFO  c.a.n.c.r.client - [printIfInfoEnabled,63] - [6bedc492-69b7-4e3e-85bd-1d902de8de24_config-0] Register server push request handler:com.alibaba.nacos.common.remote.client.RpcClient$$Lambda/0x0000023d14541c78
13:13:03.931 [main] INFO  c.a.n.c.c.i.Limiter - [<clinit>,55] - limitTime:5.0
13:13:03.950 [main] INFO  c.a.n.c.c.u.JvmUtil - [init,59] - isMultiInstance:false
13:13:03.973 [main] INFO  c.y.a.XueYiAuthApplication - [logStartupProfileInfo,660] - The following 1 profile is active: "dev"
13:13:05.760 [main] INFO  o.a.c.h.Http11NioProtocol - [log,173] - Initializing ProtocolHandler ["http-nio-9200"]
13:13:05.761 [main] INFO  o.a.c.c.StandardService - [log,173] - Starting service [Tomcat]
13:13:05.761 [main] INFO  o.a.c.c.StandardEngine - [log,173] - Starting Servlet engine: [Apache Tomcat/10.1.25]
13:13:05.797 [main] INFO  o.a.c.c.C.[.[.[/] - [log,173] - Initializing Spring embedded WebApplicationContext
13:13:06.108 [main] INFO  o.redisson.Version - [logVersion,43] - Redisson 3.27.2
13:13:06.218 [redisson-netty-1-5] INFO  o.r.c.ConnectionsHolder - [lambda$initConnections$1,130] - 1 connections initialized for localhost/127.0.0.1:6379
13:13:06.228 [redisson-netty-1-4] INFO  o.r.c.ConnectionsHolder - [lambda$initConnections$1,130] - 8 connections initialized for localhost/127.0.0.1:6379
13:13:06.624 [main] INFO  c.a.c.s.SentinelWebMvcConfigurer - [addInterceptors,52] - [Sentinel Starter] register SentinelWebInterceptor with urlPatterns: [/**].
13:13:08.077 [main] INFO  o.a.c.h.Http11NioProtocol - [log,173] - Starting ProtocolHandler ["http-nio-9200"]
13:13:08.084 [main] INFO  c.a.n.client.naming - [initNamespaceForNaming,62] - initializer namespace from ans.namespace attribute : null
13:13:08.084 [main] INFO  c.a.n.client.naming - [lambda$initNamespaceForNaming$0,66] - initializer namespace from ALIBABA_ALIWARE_NAMESPACE attribute :null
13:13:08.084 [main] INFO  c.a.n.client.naming - [lambda$initNamespaceForNaming$1,73] - initializer namespace from namespace attribute :null
13:13:08.086 [main] INFO  c.a.n.client.naming - [<init>,74] - FailoverDataSource type is class com.alibaba.nacos.client.naming.backups.datasource.DiskFailoverDataSource
13:13:08.089 [main] INFO  c.a.n.p.a.s.c.ClientAuthPluginManager - [init,56] - [ClientAuthPluginManager] Load ClientAuthService com.alibaba.nacos.client.auth.impl.NacosClientAuthServiceImpl success.
13:13:08.089 [main] INFO  c.a.n.p.a.s.c.ClientAuthPluginManager - [init,56] - [ClientAuthPluginManager] Load ClientAuthService com.alibaba.nacos.client.auth.ram.RamClientAuthServiceImpl success.
13:13:08.090 [main] INFO  c.a.n.c.r.client - [lambda$createClient$0,118] - [RpcClientFactory] create a new rpc client of 941adb26-2d5a-4622-b129-8968920fe12e
13:13:08.091 [main] INFO  c.a.n.client.naming - [<init>,109] - Create naming rpc client for uuid->941adb26-2d5a-4622-b129-8968920fe12e
13:13:08.091 [main] INFO  c.a.n.c.r.client - [printIfInfoEnabled,63] - [941adb26-2d5a-4622-b129-8968920fe12e] RpcClient init, ServerListFactory = com.alibaba.nacos.client.naming.core.ServerListManager
13:13:08.091 [main] INFO  c.a.n.c.r.client - [printIfInfoEnabled,63] - [941adb26-2d5a-4622-b129-8968920fe12e] Registry connection listener to current client:com.alibaba.nacos.client.naming.remote.gprc.redo.NamingGrpcRedoService
13:13:08.092 [main] INFO  c.a.n.c.r.client - [printIfInfoEnabled,63] - [941adb26-2d5a-4622-b129-8968920fe12e] Register server push request handler:com.alibaba.nacos.client.naming.remote.gprc.NamingPushRequestHandler
13:13:08.092 [main] INFO  c.a.n.c.r.client - [printIfInfoEnabled,63] - [941adb26-2d5a-4622-b129-8968920fe12e] Try to connect to server on start up, server: {serverIp = 'localhost', server main port = 8848}
13:13:08.092 [main] INFO  c.a.n.c.r.c.g.GrpcClient - [createNewManagedChannel,210] - grpc client connection server:localhost ip,serverPort:9848,grpcTslConfig:{"sslProvider":"","enableTls":false,"mutualAuthEnable":false,"trustAll":false}
13:13:08.204 [main] INFO  c.a.n.c.r.client - [printIfInfoEnabled,63] - [941adb26-2d5a-4622-b129-8968920fe12e] Success to connect to server [localhost:8848] on start up, connectionId = 1726981988097_127.0.0.1_63783
13:13:08.204 [main] INFO  c.a.n.c.r.client - [printIfInfoEnabled,63] - [941adb26-2d5a-4622-b129-8968920fe12e] Register server push request handler:com.alibaba.nacos.common.remote.client.RpcClient$ConnectResetRequestHandler
13:13:08.205 [com.alibaba.nacos.client.remote.worker.0] INFO  c.a.n.c.r.client - [printIfInfoEnabled,63] - [941adb26-2d5a-4622-b129-8968920fe12e] Notify connected event to listeners.
13:13:08.205 [main] INFO  c.a.n.c.r.client - [printIfInfoEnabled,63] - [941adb26-2d5a-4622-b129-8968920fe12e] Register server push request handler:com.alibaba.nacos.common.remote.client.RpcClient$$Lambda/0x0000023d14541c78
13:13:08.205 [com.alibaba.nacos.client.remote.worker.0] INFO  c.a.n.client.naming - [onConnected,90] - Grpc connection connect
13:13:08.209 [main] INFO  c.a.n.client.naming - [registerService,133] - [REGISTER-SERVICE] public registering service yunque-auth with instance Instance{instanceId='null', ip='192.168.52.1', port=9200, weight=1.0, healthy=true, enabled=true, ephemeral=true, clusterName='DEFAULT', serviceName='null', metadata={IPv6=[240e:35e:923:8a00:f8b7:31f8:3c00:b71a], preserved.register.source=SPRING_CLOUD}}
13:13:08.227 [main] INFO  c.a.c.n.r.NacosServiceRegistry - [register,76] - nacos registry, DEFAULT_GROUP yunque-auth 192.168.52.1:9200 register finished
13:13:08.239 [main] INFO  c.y.a.XueYiAuthApplication - [logStarted,56] - Started XueYiAuthApplication in 5.224 seconds (process running for 6.084)
13:13:08.244 [main] INFO  c.a.n.c.c.i.CacheData - [initNotifyWarnTimeout,72] - config listener notify warn timeout millis use default 60000 millis 
13:13:08.244 [main] INFO  c.a.n.c.c.i.CacheData - [<clinit>,99] - nacos.cache.data.init.snapshot = true 
13:13:08.244 [main] INFO  c.a.n.c.c.i.ClientWorker - [addCacheDataIfAbsent,416] - [fixed-localhost_8848] [subscribe] yunque-auth-dev.yml+DEFAULT_GROUP
13:13:08.247 [main] INFO  c.a.n.c.c.i.CacheData - [addListener,236] - [fixed-localhost_8848] [add-listener] ok, tenant=, dataId=yunque-auth-dev.yml, group=DEFAULT_GROUP, cnt=1
13:13:08.247 [main] INFO  c.a.c.n.r.NacosContextRefresher - [registerNacosListener,131] - [Nacos Config] Listening config: dataId=yunque-auth-dev.yml, group=DEFAULT_GROUP
13:13:08.248 [main] INFO  c.a.n.c.c.i.ClientWorker - [addCacheDataIfAbsent,416] - [fixed-localhost_8848] [subscribe] yunque-auth+DEFAULT_GROUP
13:13:08.248 [main] INFO  c.a.n.c.c.i.CacheData - [addListener,236] - [fixed-localhost_8848] [add-listener] ok, tenant=, dataId=yunque-auth, group=DEFAULT_GROUP, cnt=1
13:13:08.248 [main] INFO  c.a.c.n.r.NacosContextRefresher - [registerNacosListener,131] - [Nacos Config] Listening config: dataId=yunque-auth, group=DEFAULT_GROUP
13:13:08.248 [main] INFO  c.a.n.c.c.i.ClientWorker - [addCacheDataIfAbsent,416] - [fixed-localhost_8848] [subscribe] yunque-auth.yml+DEFAULT_GROUP
13:13:08.248 [main] INFO  c.a.n.c.c.i.CacheData - [addListener,236] - [fixed-localhost_8848] [add-listener] ok, tenant=, dataId=yunque-auth.yml, group=DEFAULT_GROUP, cnt=1
13:13:08.248 [main] INFO  c.a.c.n.r.NacosContextRefresher - [registerNacosListener,131] - [Nacos Config] Listening config: dataId=yunque-auth.yml, group=DEFAULT_GROUP
13:13:08.429 [RMI TCP Connection(1)-192.168.1.172] INFO  o.a.c.c.C.[.[.[/] - [log,173] - Initializing Spring DispatcherServlet 'dispatcherServlet'
13:15:40.422 [SpringApplicationShutdownHook] INFO  c.a.c.n.r.NacosServiceRegistry - [deregister,95] - De-registering from Nacos Server now...
13:15:40.422 [SpringApplicationShutdownHook] INFO  c.a.n.client.naming - [deregisterService,272] - [DEREGISTER-SERVICE] public deregistering service yunque-auth with instance: Instance{instanceId='null', ip='192.168.52.1', port=9200, weight=1.0, healthy=true, enabled=true, ephemeral=true, clusterName='DEFAULT', serviceName='null', metadata={}}
13:15:40.425 [SpringApplicationShutdownHook] INFO  c.a.c.n.r.NacosServiceRegistry - [deregister,115] - De-registration finished.
13:15:40.425 [SpringApplicationShutdownHook] INFO  c.a.n.client.naming - [shutdown,254] - com.alibaba.nacos.client.naming.cache.ServiceInfoHolder do shutdown begin
13:15:40.425 [SpringApplicationShutdownHook] INFO  c.a.n.client.naming - [shutdown,180] - com.alibaba.nacos.client.naming.backups.FailoverReactor do shutdown begin
13:15:40.426 [SpringApplicationShutdownHook] INFO  c.a.n.client.naming - [shutdown,182] - com.alibaba.nacos.client.naming.backups.FailoverReactor do shutdown stop
13:15:40.426 [SpringApplicationShutdownHook] INFO  c.a.n.client.naming - [shutdown,256] - com.alibaba.nacos.client.naming.cache.ServiceInfoHolder do shutdown stop
13:15:40.426 [SpringApplicationShutdownHook] INFO  c.a.n.client.naming - [shutdown,204] - com.alibaba.nacos.client.naming.remote.NamingClientProxyDelegate do shutdown begin
13:15:40.426 [SpringApplicationShutdownHook] INFO  c.a.n.client.naming - [shutdown,147] - com.alibaba.nacos.client.naming.core.ServiceInfoUpdateService do shutdown begin
13:15:40.426 [SpringApplicationShutdownHook] INFO  c.a.n.client.naming - [shutdown,149] - com.alibaba.nacos.client.naming.core.ServiceInfoUpdateService do shutdown stop
13:15:40.426 [SpringApplicationShutdownHook] INFO  c.a.n.client.naming - [shutdown,218] - com.alibaba.nacos.client.naming.core.ServerListManager do shutdown begin
13:15:40.426 [SpringApplicationShutdownHook] INFO  c.a.n.client.naming - [shutdown,223] - com.alibaba.nacos.client.naming.core.ServerListManager do shutdown stop
13:15:40.426 [SpringApplicationShutdownHook] INFO  c.a.n.client.naming - [shutdown,468] - com.alibaba.nacos.client.naming.remote.http.NamingHttpClientProxy do shutdown begin
13:15:40.426 [SpringApplicationShutdownHook] INFO  c.a.n.client.naming - [shutdown,470] - com.alibaba.nacos.client.naming.remote.http.NamingHttpClientProxy do shutdown stop
13:15:40.426 [SpringApplicationShutdownHook] INFO  c.a.n.client.naming - [shutdown,487] - Shutdown naming grpc client proxy for  uuid->941adb26-2d5a-4622-b129-8968920fe12e
13:15:40.426 [SpringApplicationShutdownHook] INFO  c.a.n.client.naming - [shutdown,331] - Shutdown grpc redo service executor java.util.concurrent.ScheduledThreadPoolExecutor@7d364fb5[Running, pool size = 1, active threads = 0, queued tasks = 1, completed tasks = 50]
13:15:40.426 [SpringApplicationShutdownHook] INFO  c.a.n.c.r.client - [shutdown,425] - Shutdown rpc client, set status to shutdown
13:15:40.426 [SpringApplicationShutdownHook] INFO  c.a.n.c.r.client - [shutdown,427] - Shutdown client event executor java.util.concurrent.ScheduledThreadPoolExecutor@52fe7c0f[Running, pool size = 2, active threads = 2, queued tasks = 0, completed tasks = 0]
13:15:40.426 [SpringApplicationShutdownHook] INFO  c.a.n.c.r.client - [closeConnection,584] - Close current connection 1726981988097_127.0.0.1_63783
13:15:40.427 [nacos-grpc-client-executor-localhost-52] INFO  c.a.n.c.r.c.g.GrpcClient - [printIfInfoEnabled,63] - [1726981988097_127.0.0.1_63783]Ignore complete event,isRunning:false,isAbandon=false
13:15:40.427 [SpringApplicationShutdownHook] INFO  c.a.n.c.r.c.g.GrpcClient - [shutdown,187] - Shutdown grpc executor java.util.concurrent.ThreadPoolExecutor@587b24b5[Running, pool size = 5, active threads = 0, queued tasks = 0, completed tasks = 53]
13:15:40.427 [SpringApplicationShutdownHook] INFO  c.a.n.client.naming - [shutDownAndRemove,497] - shutdown and remove naming rpc client  for uuid ->941adb26-2d5a-4622-b129-8968920fe12e
13:15:40.428 [SpringApplicationShutdownHook] INFO  c.a.n.c.a.r.i.CredentialWatcher - [stop,107] - [null] CredentialWatcher is stopped
13:15:40.428 [SpringApplicationShutdownHook] INFO  c.a.n.c.a.r.i.CredentialService - [free,91] - [null] CredentialService is freed
13:15:40.428 [SpringApplicationShutdownHook] INFO  c.a.n.client.naming - [shutdown,211] - com.alibaba.nacos.client.naming.remote.NamingClientProxyDelegate do shutdown stop
